# JRE version: OpenJDK Runtime Environment (16.0.1+9) (build 16.0.1+9-24)
# Java VM: OpenJDK 64-Bit Server VM (16.0.1+9-24, mixed mode, tiered, compressed oops, compressed class ptrs, g1 gc, windows-amd64)
GC Precious Log:
 CPUs: 4 total, 4 available
 Memory: 8026M
 Large Page Support: Disabled
 NUMA Support: Disabled
 Compressed Oops: Enabled (32-bit)
 Heap Region Size: 1M
 Heap Min Capacity: 8M
 Heap Initial Capacity: 126M
 Heap Max Capacity: 2008M
 Pre-touch: Disabled
 Parallel Workers: 4
 Concurrent Workers: 1
 Concurrent Refinement Workers: 4
 Periodic GC: Disabled
Heap:
 garbage-first heap   total 83968K, used 32731K [0x0000000082800000, 0x0000000100000000)
  region size 1024K, 25 young (25600K), 2 survivors (2048K)
 Metaspace       used 28133K, committed 28352K, reserved 1081344K
  class space    used 3160K, committed 3264K, reserved 1048576K
GC Heap History (14 events):
Event: 0.868 GC heap before
{Heap before GC invocations=0 (full 0):
 garbage-first heap   total 129024K, used 14336K [0x0000000082800000, 0x0000000100000000)
  region size 1024K, 13 young (13312K), 0 survivors (0K)
 Metaspace       used 10353K, committed 10496K, reserved 1064960K
  class space    used 940K, committed 1024K, reserved 1048576K
}
Event: 0.872 GC heap after
{Heap after GC invocations=1 (full 0):
 garbage-first heap   total 129024K, used 5987K [0x0000000082800000, 0x0000000100000000)
  region size 1024K, 2 young (2048K), 2 survivors (2048K)
 Metaspace       used 10353K, committed 10496K, reserved 1064960K
  class space    used 940K, committed 1024K, reserved 1048576K
}
Event: 0.972 GC heap before
{Heap before GC invocations=1 (full 0):
 garbage-first heap   total 129024K, used 18275K [0x0000000082800000, 0x0000000100000000)
  region size 1024K, 15 young (15360K), 2 survivors (2048K)
 Metaspace       used 11761K, committed 11968K, reserved 1064960K
  class space    used 1115K, committed 1216K, reserved 1048576K
}
Event: 0.975 GC heap after
{Heap after GC invocations=2 (full 0):
 garbage-first heap   total 129024K, used 6524K [0x0000000082800000, 0x0000000100000000)
  region size 1024K, 1 young (1024K), 1 survivors (1024K)
 Metaspace       used 11761K, committed 11968K, reserved 1064960K
  class space    used 1115K, committed 1216K, reserved 1048576K
}
Event: 1.001 GC heap before
{Heap before GC invocations=2 (full 0):
 garbage-first heap   total 129024K, used 34172K [0x0000000082800000, 0x0000000100000000)
  region size 1024K, 29 young (29696K), 1 survivors (1024K)
 Metaspace       used 11771K, committed 11968K, reserved 1064960K
  class space    used 1115K, committed 1216K, reserved 1048576K
}
Event: 1.002 GC heap after
{Heap after GC invocations=3 (full 0):
 garbage-first heap   total 129024K, used 6385K [0x0000000082800000, 0x0000000100000000)
  region size 1024K, 1 young (1024K), 1 survivors (1024K)
 Metaspace       used 11771K, committed 11968K, reserved 1064960K
  class space    used 1115K, committed 1216K, reserved 1048576K
}
Event: 1.641 GC heap before
{Heap before GC invocations=3 (full 0):
 garbage-first heap   total 129024K, used 41201K [0x0000000082800000, 0x0000000100000000)
  region size 1024K, 36 young (36864K), 1 survivors (1024K)
 Metaspace       used 21106K, committed 21248K, reserved 1073152K
  class space    used 2232K, committed 2304K, reserved 1048576K
}
Event: 1.645 GC heap after
{Heap after GC invocations=4 (full 0):
 garbage-first heap   total 129024K, used 8416K [0x0000000082800000, 0x0000000100000000)
  region size 1024K, 3 young (3072K), 3 survivors (3072K)
 Metaspace       used 21106K, committed 21248K, reserved 1073152K
  class space    used 2232K, committed 2304K, reserved 1048576K
}
Event: 1.904 GC heap before
{Heap before GC invocations=5 (full 0):
 garbage-first heap   total 34816K, used 32992K [0x0000000082800000, 0x0000000100000000)
  region size 1024K, 28 young (28672K), 3 survivors (3072K)
 Metaspace       used 24086K, committed 24320K, reserved 1073152K
  class space    used 2663K, committed 2752K, reserved 1048576K
}
Event: 1.909 GC heap after
{Heap after GC invocations=6 (full 0):
 garbage-first heap   total 38912K, used 9497K [0x0000000082800000, 0x0000000100000000)
  region size 1024K, 4 young (4096K), 4 survivors (4096K)
 Metaspace       used 24086K, committed 24320K, reserved 1073152K
  class space    used 2663K, committed 2752K, reserved 1048576K
}
Event: 1.911 GC heap before
{Heap before GC invocations=6 (full 0):
 garbage-first heap   total 38912K, used 26905K [0x0000000082800000, 0x0000000100000000)
  region size 1024K, 22 young (22528K), 4 survivors (4096K)
 Metaspace       used 24086K, committed 24320K, reserved 1073152K
  class space    used 2663K, committed 2752K, reserved 1048576K
}
Event: 1.914 GC heap after
{Heap after GC invocations=7 (full 0):
 garbage-first heap   total 38912K, used 9660K [0x0000000082800000, 0x0000000100000000)
  region size 1024K, 2 young (2048K), 2 survivors (2048K)
 Metaspace       used 24086K, committed 24320K, reserved 1073152K
  class space    used 2663K, committed 2752K, reserved 1048576K
}
Event: 2.156 GC heap before
{Heap before GC invocations=7 (full 0):
 garbage-first heap   total 38912K, used 27068K [0x0000000082800000, 0x0000000100000000)
  region size 1024K, 20 young (20480K), 2 survivors (2048K)
 Metaspace       used 25395K, committed 25600K, reserved 1073152K
  class space    used 2794K, committed 2880K, reserved 1048576K
}
Event: 2.159 GC heap after
{Heap after GC invocations=8 (full 0):
 garbage-first heap   total 83968K, used 10203K [0x0000000082800000, 0x0000000100000000)
  region size 1024K, 2 young (2048K), 2 survivors (2048K)
 Metaspace       used 25395K, committed 25600K, reserved 1073152K
  class space    used 2794K, committed 2880K, reserved 1048576K
}

